#
# There is insufficient memory for the Java Runtime Environment to continue.
# Native memory allocation (malloc) failed to allocate 2097152 bytes for AllocateHeap
# Possible reasons:
#   The system is out of physical RAM or swap space
#   The process is running with CompressedOops enabled, and the Java Heap may be blocking the growth of the native heap
# Possible solutions:
#   Reduce memory load on the system
#   Increase physical memory or swap space
#   Check if swap backing store is full
#   Decrease Java heap size (-Xmx/-Xms)
#   Decrease number of Java threads
#   Decrease Java thread stack sizes (-Xss)
#   Set larger code cache with -XX:ReservedCodeCacheSize=
#   JVM is running with Zero Based Compressed Oops mode in which the Java heap is
#     placed in the first 32GB address space. The Java Heap base address is the
#     maximum limit for the native heap growth. Please use -XX:HeapBaseMinAddress
#     to set the Java Heap base and to place the Java Heap above 32GB virtual address.
# This output file may be truncated or incomplete.
#
#  Out of Memory Error (allocation.cpp:44), pid=11316, tid=24860
#
# JRE version: OpenJDK Runtime Environment Temurin-17.0.3+7 (17.0.3+7) (build 17.0.3+7)
# Java VM: OpenJDK 64-Bit Server VM Temurin-17.0.3+7 (17.0.3+7, mixed mode, emulated-client, tiered, compressed oops, compressed class ptrs, g1 gc, windows-amd64)
# No core dump will be written. Minidumps are not enabled by default on client versions of Windows
#

---------------  S U M M A R Y ------------

Command Line: --add-modules=ALL-SYSTEM --add-exports=jdk.compiler/com.sun.tools.javac.file=ALL-UNNAMED --add-exports=jdk.compiler/com.sun.tools.javac.util=ALL-UNNAMED --add-exports=jdk.compiler/com.sun.tools.javac.comp=ALL-UNNAMED --add-exports=jdk.compiler/com.sun.tools.javac.main=ALL-UNNAMED --add-exports=jdk.compiler/com.sun.tools.javac.tree=ALL-UNNAMED --add-exports=jdk.compiler/com.sun.tools.javac.code=ALL-UNNAMED -Dsts.lsp.client=vscode -Dsts.log.file=/dev/null -XX:TieredStopAtLevel=1 -Dspring.config.location=file:c:\Users\victo\.vscode\extensions\pivotal.vscode-spring-boot-1.36.0\language-server\BOOT-INF\classes\application.properties org.springframework.ide.vscode.boot.app.BootLanguageServerBootApp

Host: Intel(R) Core(TM) i7-7500U CPU @ 2.70GHz, 4 cores, 11G,  Windows 10 , 64 bit Build 19041 (10.0.19041.1741)
Time: Thu Jun 30 17:06:05 2022 Hora est. Sudamérica Pacífico elapsed time: 11542.232126 seconds (0d 3h 12m 22s)

---------------  T H R E A D  ---------------

Current thread (0x000001cd0347d110):  VMThread "VM Thread" [stack: 0x0000009702b00000,0x0000009702c00000] [id=24860]

Stack: [0x0000009702b00000,0x0000009702c00000]
Native frames: (J=compiled Java code, j=interpreted, Vv=VM code, C=native code)
V  [jvm.dll+0x675efa]
V  [jvm.dll+0x830a24]
V  [jvm.dll+0x8321ce]
V  [jvm.dll+0x832833]
V  [jvm.dll+0x2454b5]
V  [jvm.dll+0xa6393]
V  [jvm.dll+0x2f5651]
V  [jvm.dll+0x2f12d0]
V  [jvm.dll+0x2d99b7]
V  [jvm.dll+0x31cac7]
V  [jvm.dll+0x836cdb]
V  [jvm.dll+0x837a14]
V  [jvm.dll+0x837f2c]
V  [jvm.dll+0x838304]
V  [jvm.dll+0x8383d0]
V  [jvm.dll+0x7e0cfa]
V  [jvm.dll+0x674d85]
C  [ucrtbase.dll+0x21bb2]
C  [KERNEL32.DLL+0x17034]
C  [ntdll.dll+0x52651]

VM_Operation (0x0000009703efed50): G1CollectFull, mode: safepoint, requested by thread 0x000001cd054dfa40


---------------  P R O C E S S  ---------------

Threads class SMR info:
_java_thread_list=0x000001cd04abecb0, length=19, elements={
0x000001cd034a1740, 0x000001cd034a24c0, 0x000001cd034ba9d0, 0x000001cd034bb290,
0x000001cd034bbb50, 0x000001cd034bc410, 0x000001cd034bcd80, 0x000001cd034bd680,
0x000001cd03427f80, 0x000001cd04271200, 0x000001cd054dfa40, 0x000001cd054b2300,
0x000001cd72410650, 0x000001cd055363c0, 0x000001cd05536890, 0x000001cd05534210,
0x000001cd055346e0, 0x000001cd05534bb0, 0x000001cd05537230
}

Java Threads: ( => current thread )
  0x000001cd034a1740 JavaThread "Reference Handler" daemon [_thread_blocked, id=19756, stack(0x0000009702c00000,0x0000009702d00000)]
  0x000001cd034a24c0 JavaThread "Finalizer" daemon [_thread_blocked, id=25032, stack(0x0000009702d00000,0x0000009702e00000)]
  0x000001cd034ba9d0 JavaThread "Signal Dispatcher" daemon [_thread_blocked, id=27480, stack(0x0000009702e00000,0x0000009702f00000)]
  0x000001cd034bb290 JavaThread "Attach Listener" daemon [_thread_blocked, id=27704, stack(0x0000009702f00000,0x0000009703000000)]
  0x000001cd034bbb50 JavaThread "Service Thread" daemon [_thread_blocked, id=27484, stack(0x0000009703000000,0x0000009703100000)]
  0x000001cd034bc410 JavaThread "Monitor Deflation Thread" daemon [_thread_blocked, id=26964, stack(0x0000009703100000,0x0000009703200000)]
  0x000001cd034bcd80 JavaThread "C1 CompilerThread0" daemon [_thread_blocked, id=7516, stack(0x0000009703200000,0x0000009703300000)]
  0x000001cd034bd680 JavaThread "Sweeper thread" daemon [_thread_blocked, id=4636, stack(0x0000009703300000,0x0000009703400000)]
  0x000001cd03427f80 JavaThread "Common-Cleaner" daemon [_thread_blocked, id=18296, stack(0x0000009703400000,0x0000009703500000)]
  0x000001cd04271200 JavaThread "Notification Thread" daemon [_thread_blocked, id=26028, stack(0x0000009703600000,0x0000009703700000)]
  0x000001cd054dfa40 JavaThread "pool-7-thread-1" [_thread_blocked, id=25492, stack(0x0000009703e00000,0x0000009703f00000)]
  0x000001cd054b2300 JavaThread "LanguageServerApp-lifecycle" [_thread_blocked, id=22768, stack(0x0000009703f00000,0x0000009704000000)]
  0x000001cd72410650 JavaThread "DestroyJavaVM" [_thread_blocked, id=16164, stack(0x0000009702400000,0x0000009702500000)]
  0x000001cd055363c0 JavaThread "pool-8-thread-1" [_thread_in_native, id=28908, stack(0x0000009704800000,0x0000009704900000)]
  0x000001cd05536890 JavaThread "Simple-Language-Server main thread" daemon [_thread_blocked, id=27896, stack(0x0000009704900000,0x0000009704a00000)]
  0x000001cd05534210 JavaThread "pool-5-thread-1" [_thread_blocked, id=20680, stack(0x0000009704a00000,0x0000009704b00000)]
  0x000001cd055346e0 JavaThread "Reconciler-1" [_thread_blocked, id=23520, stack(0x0000009704b00000,0x0000009704c00000)]
  0x000001cd05534bb0 JavaThread "parallel-1" daemon [_thread_blocked, id=14244, stack(0x0000009704c00000,0x0000009704d00000)]
  0x000001cd05537230 JavaThread "pool-3-thread-1" [_thread_blocked, id=22516, stack(0x0000009705000000,0x0000009705100000)]

Other Threads:
=>0x000001cd0347d110 VMThread "VM Thread" [stack: 0x0000009702b00000,0x0000009702c00000] [id=24860]
  0x000001cd042716d0 WatcherThread [stack: 0x0000009703700000,0x0000009703800000] [id=24656]
  0x000001cd72467310 GCTaskThread "GC Thread#0" [stack: 0x0000009702600000,0x0000009702700000] [id=22924]
  0x000001cd0487dc70 GCTaskThread "GC Thread#1" [stack: 0x0000009703800000,0x0000009703900000] [id=23240]
  0x000001cd0476e660 GCTaskThread "GC Thread#2" [stack: 0x0000009703900000,0x0000009703a00000] [id=23628]
  0x000001cd043f9e30 GCTaskThread "GC Thread#3" [stack: 0x0000009703a00000,0x0000009703b00000] [id=19300]
  0x000001cd72473fa0 ConcurrentGCThread "G1 Main Marker" [stack: 0x0000009702700000,0x0000009702800000] [id=24508]
  0x000001cd724748c0 ConcurrentGCThread "G1 Conc#0" [stack: 0x0000009702800000,0x0000009702900000] [id=1812]
  0x000001cd724d7830 ConcurrentGCThread "G1 Refine#0" [stack: 0x0000009702900000,0x0000009702a00000] [id=13204]
  0x000001cd07bec5f0 ConcurrentGCThread "G1 Refine#1" [stack: 0x0000009705100000,0x0000009705200000] [id=23760]
  0x000001cd07ec3100 ConcurrentGCThread "G1 Refine#2" [stack: 0x0000009705200000,0x0000009705300000] [id=19784]
  0x000001cd724d8160 ConcurrentGCThread "G1 Service" [stack: 0x0000009702a00000,0x0000009702b00000] [id=27380]

Threads with active compile tasks:

VM state: at safepoint (normal execution)

VM Mutex/Monitor currently owned by a thread:  ([mutex/lock_event])
[0x000001cd7223ea40] Threads_lock - owner thread: 0x000001cd0347d110
[0x000001cd7230a1d0] Heap_lock - owner thread: 0x000001cd054dfa40

Heap address: 0x0000000741c00000, size: 3044 MB, Compressed Oops mode: Zero based, Oop shift amount: 3

CDS archive(s) not mapped
Compressed class space mapped at: 0x0000000800000000-0x0000000840000000, reserved size: 1073741824
Narrow klass base: 0x0000000800000000, Narrow klass shift: 0, Narrow klass range: 0x40000000

GC Precious Log:
 CPUs: 4 total, 4 available
 Memory: 12173M
 Large Page Support: Disabled
 NUMA Support: Disabled
 Compressed Oops: Enabled (Zero based)
 Heap Region Size: 2M
 Heap Min Capacity: 8M
 Heap Initial Capacity: 192M
 Heap Max Capacity: 3044M
 Pre-touch: Disabled
 Parallel Workers: 4
 Concurrent Workers: 1
 Concurrent Refinement Workers: 4
 Periodic GC: Disabled

Heap:
 garbage-first heap   total 90112K, used 23856K [0x0000000741c00000, 0x0000000800000000)
  region size 2048K, 1 young (2048K), 0 survivors (0K)
 Metaspace       used 51093K, committed 51648K, reserved 1097728K
  class space    used 6637K, committed 6912K, reserved 1048576K

Heap Regions: E=young(eden), S=young(survivor), O=old, HS=humongous(starts), HC=humongous(continues), CS=collection set, F=free, OA=open archive, CA=closed archive, TAMS=top-at-mark-start (previous, next)
|   0|0x0000000741c00000, 0x0000000741e00000, 0x0000000741e00000|100%| O|  |TAMS 0x0000000741e00000, 0x0000000741c00000| Untracked 
|   1|0x0000000741e00000, 0x0000000742000000, 0x0000000742000000|100%| O|  |TAMS 0x0000000742000000, 0x0000000741e00000| Untracked 
|   2|0x0000000742000000, 0x0000000742200000, 0x0000000742200000|100%| O|  |TAMS 0x0000000742200000, 0x0000000742000000| Untracked 
|   3|0x0000000742200000, 0x00000007423ffff0, 0x0000000742400000| 99%| O|  |TAMS 0x00000007423ffff0, 0x0000000742200000| Untracked 
|   4|0x0000000742400000, 0x00000007425fffe0, 0x0000000742600000| 99%| O|  |TAMS 0x00000007425fffe0, 0x0000000742400000| Untracked 
|   5|0x0000000742600000, 0x00000007427fffd0, 0x0000000742800000| 99%| O|  |TAMS 0x00000007427fffd0, 0x0000000742600000| Untracked 
|   6|0x0000000742800000, 0x00000007429fffe8, 0x0000000742a00000| 99%| O|  |TAMS 0x00000007429fffe8, 0x0000000742800000| Untracked 
|   7|0x0000000742a00000, 0x0000000742c00000, 0x0000000742c00000|100%| O|  |TAMS 0x0000000742c00000, 0x0000000742a00000| Untracked 
|   8|0x0000000742c00000, 0x0000000742e00000, 0x0000000742e00000|100%| O|  |TAMS 0x0000000742e00000, 0x0000000742c00000| Untracked 
|   9|0x0000000742e00000, 0x0000000742ffc3a0, 0x0000000743000000| 99%| O|  |TAMS 0x0000000742ffc3a0, 0x0000000742e00000| Untracked 
|  10|0x0000000743000000, 0x000000074312ad10, 0x0000000743200000| 58%| O|  |TAMS 0x0000000743000000, 0x0000000743000000| Untracked 
|  11|0x0000000743200000, 0x0000000743225048, 0x0000000743400000|  7%| O|  |TAMS 0x0000000743200000, 0x0000000743200000| Untracked 
|  12|0x0000000743400000, 0x0000000743400000, 0x0000000743600000|  0%| F|  |TAMS 0x0000000743400000, 0x0000000743400000| Untracked 
|  13|0x0000000743600000, 0x0000000743800000, 0x0000000743800000|100%| O|  |TAMS 0x0000000743800000, 0x0000000743600000| Untracked 
|  14|0x0000000743800000, 0x0000000743800000, 0x0000000743a00000|  0%| F|  |TAMS 0x0000000743800000, 0x0000000743800000| Untracked 
|  15|0x0000000743a00000, 0x0000000743a00000, 0x0000000743c00000|  0%| F|  |TAMS 0x0000000743a00000, 0x0000000743a00000| Untracked 
|  16|0x0000000743c00000, 0x0000000743c00000, 0x0000000743e00000|  0%| F|  |TAMS 0x0000000743c00000, 0x0000000743c00000| Untracked 
|  17|0x0000000743e00000, 0x0000000743e00000, 0x0000000744000000|  0%| F|  |TAMS 0x0000000743e00000, 0x0000000743e00000| Untracked 
|  18|0x0000000744000000, 0x0000000744000000, 0x0000000744200000|  0%| F|  |TAMS 0x0000000744000000, 0x0000000744000000| Untracked 
|  19|0x0000000744200000, 0x0000000744200000, 0x0000000744400000|  0%| F|  |TAMS 0x0000000744200000, 0x0000000744200000| Untracked 
|  20|0x0000000744400000, 0x0000000744400000, 0x0000000744600000|  0%| F|  |TAMS 0x0000000744400000, 0x0000000744400000| Untracked 
|  21|0x0000000744600000, 0x0000000744600000, 0x0000000744800000|  0%| F|  |TAMS 0x0000000744600000, 0x0000000744600000| Untracked 
|  22|0x0000000744800000, 0x0000000744800000, 0x0000000744a00000|  0%| F|  |TAMS 0x0000000744800000, 0x0000000744800000| Untracked 
|  23|0x0000000744a00000, 0x0000000744a00000, 0x0000000744c00000|  0%| F|  |TAMS 0x0000000744a00000, 0x0000000744a00000| Untracked 
|  24|0x0000000744c00000, 0x0000000744c00000, 0x0000000744e00000|  0%| F|  |TAMS 0x0000000744c00000, 0x0000000744c00000| Untracked 
|  25|0x0000000744e00000, 0x0000000744e00000, 0x0000000745000000|  0%| F|  |TAMS 0x0000000744e00000, 0x0000000744e00000| Untracked 
|  26|0x0000000745000000, 0x0000000745000000, 0x0000000745200000|  0%| F|  |TAMS 0x0000000745000000, 0x0000000745000000| Untracked 
|  27|0x0000000745200000, 0x0000000745200000, 0x0000000745400000|  0%| F|  |TAMS 0x0000000745200000, 0x0000000745200000| Untracked 
|  28|0x0000000745400000, 0x0000000745400000, 0x0000000745600000|  0%| F|  |TAMS 0x0000000745400000, 0x0000000745400000| Untracked 
|  29|0x0000000745600000, 0x0000000745600000, 0x0000000745800000|  0%| F|  |TAMS 0x0000000745600000, 0x0000000745600000| Untracked 
|  30|0x0000000745800000, 0x0000000745800000, 0x0000000745a00000|  0%| F|  |TAMS 0x0000000745800000, 0x0000000745800000| Untracked 
|  31|0x0000000745a00000, 0x0000000745a00000, 0x0000000745c00000|  0%| F|  |TAMS 0x0000000745a00000, 0x0000000745a00000| Untracked 
|  32|0x0000000745c00000, 0x0000000745c00000, 0x0000000745e00000|  0%| F|  |TAMS 0x0000000745c00000, 0x0000000745c00000| Untracked 
|  33|0x0000000745e00000, 0x0000000745e00000, 0x0000000746000000|  0%| F|  |TAMS 0x0000000745e00000, 0x0000000745e00000| Untracked 
|  34|0x0000000746000000, 0x0000000746000000, 0x0000000746200000|  0%| F|  |TAMS 0x0000000746000000, 0x0000000746000000| Untracked 
|  35|0x0000000746200000, 0x0000000746200000, 0x0000000746400000|  0%| F|  |TAMS 0x0000000746200000, 0x0000000746200000| Untracked 
|  36|0x0000000746400000, 0x0000000746400000, 0x0000000746600000|  0%| F|  |TAMS 0x0000000746400000, 0x0000000746400000| Untracked 
|  37|0x0000000746600000, 0x0000000746600000, 0x0000000746800000|  0%| F|  |TAMS 0x0000000746600000, 0x0000000746600000| Untracked 
|  38|0x0000000746800000, 0x0000000746800000, 0x0000000746a00000|  0%| F|  |TAMS 0x0000000746800000, 0x0000000746800000| Untracked 
|  39|0x0000000746a00000, 0x0000000746a00000, 0x0000000746c00000|  0%| F|  |TAMS 0x0000000746a00000, 0x0000000746a00000| Untracked 
|  40|0x0000000746c00000, 0x0000000746c00000, 0x0000000746e00000|  0%| F|  |TAMS 0x0000000746c00000, 0x0000000746c00000| Untracked 
|  41|0x0000000746e00000, 0x0000000746e00000, 0x0000000747000000|  0%| F|  |TAMS 0x0000000746e00000, 0x0000000746e00000| Untracked 
|  42|0x0000000747000000, 0x0000000747000000, 0x0000000747200000|  0%| F|  |TAMS 0x0000000747000000, 0x0000000747000000| Untracked 
|  43|0x0000000747200000, 0x00000007472124f8, 0x0000000747400000|  3%| E|  |TAMS 0x0000000747200000, 0x0000000747200000| Complete 

Card table byte_map: [0x000001cd7a300000,0x000001cd7a900000] _byte_map_base: 0x000001cd768f2000

Marking Bits (Prev, Next): (CMBitMap*) 0x000001cd72467870, (CMBitMap*) 0x000001cd72467830
 Prev Bits: [0x000001cd00000000, 0x000001cd02f90000)
 Next Bits: [0x000001cd7af00000, 0x000001cd7de90000)

Polling page: 0x000001cd724e0000

Metaspace:

Usage:
  Non-class:     43.41 MB used.
      Class:      6.48 MB used.
       Both:     49.90 MB used.

Virtual space:
  Non-class space:       48.00 MB reserved,      43.69 MB ( 91%) committed,  6 nodes.
      Class space:        1.00 GB reserved,       6.75 MB ( <1%) committed,  1 nodes.
             Both:        1.05 GB reserved,      50.44 MB (  5%) committed. 

Chunk freelists:
   Non-Class:  214.00 KB
       Class:  1.24 MB
        Both:  1.45 MB

MaxMetaspaceSize: unlimited
CompressedClassSpaceSize: 1.00 GB
Initial GC threshold: 21.00 MB
Current GC threshold: 84.06 MB
CDS: off
MetaspaceReclaimPolicy: balanced
 - commit_granule_bytes: 65536.
 - commit_granule_words: 8192.
 - virtual_space_node_default_size: 1048576.
 - enlarge_chunks_in_place: 1.
 - new_chunks_are_fully_committed: 0.
 - uncommit_free_chunks: 1.
 - use_allocation_guard: 0.
 - handle_deallocations: 1.


Internal statistics:

num_allocs_failed_limit: 9.
num_arena_births: 420.
num_arena_deaths: 108.
num_vsnodes_births: 7.
num_vsnodes_deaths: 0.
num_space_committed: 807.
num_space_uncommitted: 0.
num_chunks_returned_to_freelist: 125.
num_chunks_taken_from_freelist: 1978.
num_chunk_merges: 46.
num_chunk_splits: 1453.
num_chunks_enlarged: 1193.
num_purges: 6.
num_inconsistent_stats: 0.

CodeCache: size=49152Kb used=11941Kb max_used=13018Kb free=37210Kb
 bounds [0x000001cd76860000, 0x000001cd77520000, 0x000001cd79860000]
 total_blobs=6742 nmethods=6135 adapters=534
 compilation: enabled
              stopped_count=0, restarted_count=0
 full_count=0

Compilation events (20 events):
Event: 804.622 Thread 0x000001cd034bcd80 6125       1       java.util.concurrent.ThreadPoolExecutor::isShutdown (12 bytes)
Event: 804.622 Thread 0x000001cd034bcd80 nmethod 6125 0x000001cd76a27990 code [0x000001cd76a27b20, 0x000001cd76a27c18]
Event: 835.484 Thread 0x000001cd034bcd80 6126       1       java.util.concurrent.ScheduledThreadPoolExecutor::canRunInCurrentRunState (61 bytes)
Event: 835.484 Thread 0x000001cd034bcd80 nmethod 6126 0x000001cd76a27390 code [0x000001cd76a27540, 0x000001cd76a27808]
Event: 845.729 Thread 0x000001cd034bcd80 6127       1       java.io.OutputStream::flush (1 bytes)
Event: 845.754 Thread 0x000001cd034bcd80 nmethod 6127 0x000001cd76a27090 code [0x000001cd76a27220, 0x000001cd76a272d8]
Event: 907.450 Thread 0x000001cd034bcd80 6128       1       java.util.concurrent.locks.LockSupport::setBlocker (12 bytes)
Event: 907.450 Thread 0x000001cd034bcd80 nmethod 6128 0x000001cd76a26d90 code [0x000001cd76a26f20, 0x000001cd76a27038]
Event: 917.457 Thread 0x000001cd034bcd80 6129       1       org.springframework.ide.vscode.commons.languageserver.util.ParentProcessWatcher::isWindows (30 bytes)
Event: 917.460 Thread 0x000001cd034bcd80 nmethod 6129 0x000001cd76a26790 code [0x000001cd76a26980, 0x000001cd76a26bd8]
Event: 917.700 Thread 0x000001cd034bcd80 6130   !   1       com.google.common.io.Closeables::close (37 bytes)
Event: 917.726 Thread 0x000001cd034bcd80 nmethod 6130 0x000001cd76a26010 code [0x000001cd76a26200, 0x000001cd76a26538]
Event: 989.468 Thread 0x000001cd034bcd80 6131       1       java.lang.Integer::toString (8 bytes)
Event: 989.468 Thread 0x000001cd034bcd80 nmethod 6131 0x000001cd76a25d10 code [0x000001cd76a25ea0, 0x000001cd76a25f88]
Event: 1123.059 Thread 0x000001cd034bcd80 6132       1       java.util.StringTokenizer::countTokens (46 bytes)
Event: 1123.060 Thread 0x000001cd034bcd80 nmethod 6132 0x000001cd76a25910 code [0x000001cd76a25ac0, 0x000001cd76a25c18]
Event: 1123.345 Thread 0x000001cd034bcd80 6133   !   1       java.lang.ref.Reference::processPendingReferences (118 bytes)
Event: 1123.346 Thread 0x000001cd034bcd80 nmethod 6133 0x000001cd76a24d10 code [0x000001cd76a24f60, 0x000001cd76a255d8]
Event: 1143.628 Thread 0x000001cd034bcd80 6134   !   1       java.lang.ProcessBuilder::start (417 bytes)
Event: 1143.632 Thread 0x000001cd034bcd80 nmethod 6134 0x000001cd76a23110 code [0x000001cd76a23480, 0x000001cd76a24468]

GC Heap History (20 events):
Event: 1133.591 GC heap before
{Heap before GC invocations=134 (full 106):
 garbage-first heap   total 90112K, used 23855K [0x0000000741c00000, 0x0000000800000000)
  region size 2048K, 1 young (2048K), 0 survivors (0K)
 Metaspace       used 51093K, committed 51648K, reserved 1097728K
  class space    used 6637K, committed 6912K, reserved 1048576K
}
Event: 1133.617 GC heap after
{Heap after GC invocations=135 (full 107):
 garbage-first heap   total 90112K, used 23855K [0x0000000741c00000, 0x0000000800000000)
  region size 2048K, 0 young (0K), 0 survivors (0K)
 Metaspace       used 51093K, committed 51648K, reserved 1097728K
  class space    used 6637K, committed 6912K, reserved 1048576K
}
Event: 1143.871 GC heap before
{Heap before GC invocations=135 (full 107):
 garbage-first heap   total 90112K, used 23855K [0x0000000741c00000, 0x0000000800000000)
  region size 2048K, 1 young (2048K), 0 survivors (0K)
 Metaspace       used 51093K, committed 51648K, reserved 1097728K
  class space    used 6637K, committed 6912K, reserved 1048576K
}
Event: 1143.900 GC heap after
{Heap after GC invocations=136 (full 108):
 garbage-first heap   total 90112K, used 23856K [0x0000000741c00000, 0x0000000800000000)
  region size 2048K, 0 young (0K), 0 survivors (0K)
 Metaspace       used 51093K, committed 51648K, reserved 1097728K
  class space    used 6637K, committed 6912K, reserved 1048576K
}
Event: 1154.155 GC heap before
{Heap before GC invocations=136 (full 108):
 garbage-first heap   total 90112K, used 23856K [0x0000000741c00000, 0x0000000800000000)
  region size 2048K, 1 young (2048K), 0 survivors (0K)
 Metaspace       used 51093K, committed 51648K, reserved 1097728K
  class space    used 6637K, committed 6912K, reserved 1048576K
}
Event: 1154.183 GC heap after
{Heap after GC invocations=137 (full 109):
 garbage-first heap   total 90112K, used 23856K [0x0000000741c00000, 0x0000000800000000)
  region size 2048K, 0 young (0K), 0 survivors (0K)
 Metaspace       used 51093K, committed 51648K, reserved 1097728K
  class space    used 6637K, committed 6912K, reserved 1048576K
}
Event: 1164.437 GC heap before
{Heap before GC invocations=137 (full 109):
 garbage-first heap   total 90112K, used 23856K [0x0000000741c00000, 0x0000000800000000)
  region size 2048K, 1 young (2048K), 0 survivors (0K)
 Metaspace       used 51093K, committed 51648K, reserved 1097728K
  class space    used 6637K, committed 6912K, reserved 1048576K
}
Event: 1164.470 GC heap after
{Heap after GC invocations=138 (full 110):
 garbage-first heap   total 90112K, used 23856K [0x0000000741c00000, 0x0000000800000000)
  region size 2048K, 0 young (0K), 0 survivors (0K)
 Metaspace       used 51093K, committed 51648K, reserved 1097728K
  class space    used 6637K, committed 6912K, reserved 1048576K
}
Event: 1174.720 GC heap before
{Heap before GC invocations=138 (full 110):
 garbage-first heap   total 90112K, used 23856K [0x0000000741c00000, 0x0000000800000000)
  region size 2048K, 1 young (2048K), 0 survivors (0K)
 Metaspace       used 51093K, committed 51648K, reserved 1097728K
  class space    used 6637K, committed 6912K, reserved 1048576K
}
Event: 1174.750 GC heap after
{Heap after GC invocations=139 (full 111):
 garbage-first heap   total 90112K, used 23856K [0x0000000741c00000, 0x0000000800000000)
  region size 2048K, 0 young (0K), 0 survivors (0K)
 Metaspace       used 51093K, committed 51648K, reserved 1097728K
  class space    used 6637K, committed 6912K, reserved 1048576K
}
Event: 1184.995 GC heap before
{Heap before GC invocations=139 (full 111):
 garbage-first heap   total 90112K, used 23856K [0x0000000741c00000, 0x0000000800000000)
  region size 2048K, 1 young (2048K), 0 survivors (0K)
 Metaspace       used 51093K, committed 51648K, reserved 1097728K
  class space    used 6637K, committed 6912K, reserved 1048576K
}
Event: 1185.021 GC heap after
{Heap after GC invocations=140 (full 112):
 garbage-first heap   total 90112K, used 23856K [0x0000000741c00000, 0x0000000800000000)
  region size 2048K, 0 young (0K), 0 survivors (0K)
 Metaspace       used 51093K, committed 51648K, reserved 1097728K
  class space    used 6637K, committed 6912K, reserved 1048576K
}
Event: 1195.271 GC heap before
{Heap before GC invocations=140 (full 112):
 garbage-first heap   total 90112K, used 23856K [0x0000000741c00000, 0x0000000800000000)
  region size 2048K, 1 young (2048K), 0 survivors (0K)
 Metaspace       used 51093K, committed 51648K, reserved 1097728K
  class space    used 6637K, committed 6912K, reserved 1048576K
}
Event: 1195.296 GC heap after
{Heap after GC invocations=141 (full 113):
 garbage-first heap   total 90112K, used 23856K [0x0000000741c00000, 0x0000000800000000)
  region size 2048K, 0 young (0K), 0 survivors (0K)
 Metaspace       used 51093K, committed 51648K, reserved 1097728K
  class space    used 6637K, committed 6912K, reserved 1048576K
}
Event: 1205.547 GC heap before
{Heap before GC invocations=141 (full 113):
 garbage-first heap   total 90112K, used 23856K [0x0000000741c00000, 0x0000000800000000)
  region size 2048K, 1 young (2048K), 0 survivors (0K)
 Metaspace       used 51093K, committed 51648K, reserved 1097728K
  class space    used 6637K, committed 6912K, reserved 1048576K
}
Event: 1205.572 GC heap after
{Heap after GC invocations=142 (full 114):
 garbage-first heap   total 90112K, used 23856K [0x0000000741c00000, 0x0000000800000000)
  region size 2048K, 0 young (0K), 0 survivors (0K)
 Metaspace       used 51093K, committed 51648K, reserved 1097728K
  class space    used 6637K, committed 6912K, reserved 1048576K
}
Event: 1215.827 GC heap before
{Heap before GC invocations=142 (full 114):
 garbage-first heap   total 90112K, used 23856K [0x0000000741c00000, 0x0000000800000000)
  region size 2048K, 1 young (2048K), 0 survivors (0K)
 Metaspace       used 51093K, committed 51648K, reserved 1097728K
  class space    used 6637K, committed 6912K, reserved 1048576K
}
Event: 1215.853 GC heap after
{Heap after GC invocations=143 (full 115):
 garbage-first heap   total 90112K, used 23856K [0x0000000741c00000, 0x0000000800000000)
  region size 2048K, 0 young (0K), 0 survivors (0K)
 Metaspace       used 51093K, committed 51648K, reserved 1097728K
  class space    used 6637K, committed 6912K, reserved 1048576K
}
Event: 1226.096 GC heap before
{Heap before GC invocations=143 (full 115):
 garbage-first heap   total 90112K, used 23856K [0x0000000741c00000, 0x0000000800000000)
  region size 2048K, 1 young (2048K), 0 survivors (0K)
 Metaspace       used 51093K, committed 51648K, reserved 1097728K
  class space    used 6637K, committed 6912K, reserved 1048576K
}
Event: 1226.131 GC heap after
{Heap after GC invocations=144 (full 116):
 garbage-first heap   total 90112K, used 23856K [0x0000000741c00000, 0x0000000800000000)
  region size 2048K, 0 young (0K), 0 survivors (0K)
 Metaspace       used 51093K, committed 51648K, reserved 1097728K
  class space    used 6637K, committed 6912K, reserved 1048576K
}

Deoptimization events (20 events):
Event: 4.509 Thread 0x000001cd05536890 DEOPT PACKING pc=0x000001cd76e4f63c sp=0x00000097049f8970
Event: 4.509 Thread 0x000001cd05536890 DEOPT UNPACKING pc=0x000001cd768b2b43 sp=0x00000097049f7df0 mode 3
Event: 4.537 Thread 0x000001cd05533d40 DEOPT PACKING pc=0x000001cd76d1ee1f sp=0x00000097046fef00
Event: 4.537 Thread 0x000001cd05533d40 DEOPT UNPACKING pc=0x000001cd768b2b43 sp=0x00000097046fe358 mode 3
Event: 4.925 Thread 0x000001cd05536890 DEOPT PACKING pc=0x000001cd76f7af8c sp=0x00000097049fcb30
Event: 4.925 Thread 0x000001cd05536890 DEOPT UNPACKING pc=0x000001cd768b2b43 sp=0x00000097049fc070 mode 0
Event: 6.102 Thread 0x000001cd05536d60 DEOPT PACKING pc=0x000001cd771d6990 sp=0x0000009704dfe390
Event: 6.103 Thread 0x000001cd05536d60 DEOPT UNPACKING pc=0x000001cd768b2b43 sp=0x0000009704dfd850 mode 3
Event: 6.103 Thread 0x000001cd055346e0 DEOPT PACKING pc=0x000001cd771d6990 sp=0x0000009704bfd620
Event: 6.103 Thread 0x000001cd055346e0 DEOPT UNPACKING pc=0x000001cd768b2b43 sp=0x0000009704bfcae0 mode 3
Event: 6.132 Thread 0x000001cd05536d60 DEOPT PACKING pc=0x000001cd771fed74 sp=0x0000009704dfda80
Event: 6.132 Thread 0x000001cd05536d60 DEOPT UNPACKING pc=0x000001cd768b2b43 sp=0x0000009704dfcf78 mode 3
Event: 6.154 Thread 0x000001cd055346e0 DEOPT PACKING pc=0x000001cd7721cadb sp=0x0000009704bfd450
Event: 6.155 Thread 0x000001cd055346e0 DEOPT UNPACKING pc=0x000001cd768b2b43 sp=0x0000009704bfc8e8 mode 3
Event: 6.186 Thread 0x000001cd05536d60 DEOPT PACKING pc=0x000001cd77249320 sp=0x0000009704dfda10
Event: 6.186 Thread 0x000001cd05536d60 DEOPT UNPACKING pc=0x000001cd768b2b43 sp=0x0000009704dfcea0 mode 3
Event: 9.465 Thread 0x000001cd0537fc50 DEOPT PACKING pc=0x000001cd76d0c562 sp=0x0000009703dfcc20
Event: 9.465 Thread 0x000001cd0537fc50 DEOPT UNPACKING pc=0x000001cd768b2b43 sp=0x0000009703dfc128 mode 3
Event: 10.105 Thread 0x000001cd0537fc50 DEOPT PACKING pc=0x000001cd7749a49c sp=0x0000009703dfe330
Event: 10.105 Thread 0x000001cd0537fc50 DEOPT UNPACKING pc=0x000001cd768b2b43 sp=0x0000009703dfd7c0 mode 0

Classes unloaded (20 events):
Event: 85.199 Thread 0x000001cd0347d110 Unloading class 0x00000008000d5000 'java/lang/invoke/LambdaForm$MH+0x00000008000d5000'
Event: 85.199 Thread 0x000001cd0347d110 Unloading class 0x00000008000d4c00 'java/lang/invoke/LambdaForm$MH+0x00000008000d4c00'
Event: 85.199 Thread 0x000001cd0347d110 Unloading class 0x00000008000d4800 'java/lang/invoke/LambdaForm$MH+0x00000008000d4800'
Event: 85.199 Thread 0x000001cd0347d110 Unloading class 0x00000008000d4000 'java/lang/invoke/LambdaForm$MH+0x00000008000d4000'
Event: 95.465 Thread 0x000001cd0347d110 Unloading class 0x00000008006cbc00 'java/lang/invoke/LambdaForm$DMH+0x00000008006cbc00'
Event: 95.465 Thread 0x000001cd0347d110 Unloading class 0x00000008006c9c00 'jdk/internal/reflect/GeneratedConstructorAccessor25'
Event: 95.465 Thread 0x000001cd0347d110 Unloading class 0x00000008006c9800 'jdk/internal/reflect/GeneratedConstructorAccessor24'
Event: 95.465 Thread 0x000001cd0347d110 Unloading class 0x00000008006c9400 'jdk/internal/reflect/GeneratedConstructorAccessor23'
Event: 95.465 Thread 0x000001cd0347d110 Unloading class 0x00000008006c9000 'jdk/internal/reflect/GeneratedConstructorAccessor22'
Event: 95.465 Thread 0x000001cd0347d110 Unloading class 0x00000008006c8c00 'jdk/internal/reflect/GeneratedConstructorAccessor21'
Event: 95.465 Thread 0x000001cd0347d110 Unloading class 0x00000008006c8800 'jdk/internal/reflect/GeneratedConstructorAccessor20'
Event: 95.465 Thread 0x000001cd0347d110 Unloading class 0x00000008006c8400 'jdk/internal/reflect/GeneratedConstructorAccessor19'
Event: 95.465 Thread 0x000001cd0347d110 Unloading class 0x0000000800688000 'jdk/internal/reflect/GeneratedMethodAccessor26'
Event: 95.465 Thread 0x000001cd0347d110 Unloading class 0x00000008004b8800 'java/lang/invoke/LambdaForm$MH+0x00000008004b8800'
Event: 95.465 Thread 0x000001cd0347d110 Unloading class 0x00000008004b8400 'java/lang/invoke/LambdaForm$MH+0x00000008004b8400'
Event: 95.465 Thread 0x000001cd0347d110 Unloading class 0x00000008004b8000 'java/lang/invoke/LambdaForm$MH+0x00000008004b8000'
Event: 95.465 Thread 0x000001cd0347d110 Unloading class 0x00000008004b7c00 'java/lang/invoke/LambdaForm$MH+0x00000008004b7c00'
Event: 95.465 Thread 0x000001cd0347d110 Unloading class 0x00000008004b7800 'java/lang/invoke/LambdaForm$MH+0x00000008004b7800'
Event: 95.465 Thread 0x000001cd0347d110 Unloading class 0x00000008004b7400 'java/lang/invoke/LambdaForm$MH+0x00000008004b7400'
Event: 95.465 Thread 0x000001cd0347d110 Unloading class 0x0000000800344000 'java/lang/invoke/LambdaForm$MH+0x0000000800344000'

Classes redefined (0 events):
No events

Internal exceptions (20 events):
Event: 9.076 Thread 0x000001cd05535080 Exception <a 'sun/nio/fs/WindowsException'{0x000000075aa07ca8}> (0x000000075aa07ca8) 
thrown [e:\jenkins\tmp\workspace\build\src\src\hotspot\share\prims\jni.cpp, line 516]
Event: 9.076 Thread 0x000001cd05535080 Exception <a 'sun/nio/fs/WindowsException'{0x000000075aa08068}> (0x000000075aa08068) 
thrown [e:\jenkins\tmp\workspace\build\src\src\hotspot\share\prims\jni.cpp, line 516]
Event: 9.076 Thread 0x000001cd05535080 Exception <a 'sun/nio/fs/WindowsException'{0x000000075aa08a68}> (0x000000075aa08a68) 
thrown [e:\jenkins\tmp\workspace\build\src\src\hotspot\share\prims\jni.cpp, line 516]
Event: 9.076 Thread 0x000001cd05535080 Exception <a 'sun/nio/fs/WindowsException'{0x000000075aa08e18}> (0x000000075aa08e18) 
thrown [e:\jenkins\tmp\workspace\build\src\src\hotspot\share\prims\jni.cpp, line 516]
Event: 9.076 Thread 0x000001cd05535080 Exception <a 'sun/nio/fs/WindowsException'{0x000000075aa09818}> (0x000000075aa09818) 
thrown [e:\jenkins\tmp\workspace\build\src\src\hotspot\share\prims\jni.cpp, line 516]
Event: 9.076 Thread 0x000001cd05535080 Exception <a 'sun/nio/fs/WindowsException'{0x000000075aa09bd8}> (0x000000075aa09bd8) 
thrown [e:\jenkins\tmp\workspace\build\src\src\hotspot\share\prims\jni.cpp, line 516]
Event: 9.076 Thread 0x000001cd05535080 Exception <a 'sun/nio/fs/WindowsException'{0x000000075aa0a600}> (0x000000075aa0a600) 
thrown [e:\jenkins\tmp\workspace\build\src\src\hotspot\share\prims\jni.cpp, line 516]
Event: 9.076 Thread 0x000001cd05535080 Exception <a 'sun/nio/fs/WindowsException'{0x000000075aa0a9e0}> (0x000000075aa0a9e0) 
thrown [e:\jenkins\tmp\workspace\build\src\src\hotspot\share\prims\jni.cpp, line 516]
Event: 9.076 Thread 0x000001cd05535080 Exception <a 'sun/nio/fs/WindowsException'{0x000000075aa0b418}> (0x000000075aa0b418) 
thrown [e:\jenkins\tmp\workspace\build\src\src\hotspot\share\prims\jni.cpp, line 516]
Event: 9.076 Thread 0x000001cd05535080 Exception <a 'sun/nio/fs/WindowsException'{0x000000075aa0b808}> (0x000000075aa0b808) 
thrown [e:\jenkins\tmp\workspace\build\src\src\hotspot\share\prims\jni.cpp, line 516]
Event: 9.076 Thread 0x000001cd05535080 Exception <a 'sun/nio/fs/WindowsException'{0x000000075aa0c230}> (0x000000075aa0c230) 
thrown [e:\jenkins\tmp\workspace\build\src\src\hotspot\share\prims\jni.cpp, line 516]
Event: 9.077 Thread 0x000001cd05535080 Exception <a 'sun/nio/fs/WindowsException'{0x000000075aa0c620}> (0x000000075aa0c620) 
thrown [e:\jenkins\tmp\workspace\build\src\src\hotspot\share\prims\jni.cpp, line 516]
Event: 10.228 Thread 0x000001cd055363c0 Exception <a 'java/lang/NullPointerException'{0x0000000752bcade8}> (0x0000000752bcade8) 
thrown [e:\jenkins\tmp\workspace\build\src\src\hotspot\share\interpreter\linkResolver.cpp, line 1357]
Event: 10.274 Thread 0x000001cd05536d60 Exception <a 'java/lang/NoSuchMethodError'{0x000000075280bff8}: 'java.lang.Object java.lang.invoke.DirectMethodHandle$Holder.newInvokeSpecial(java.lang.Object, java.lang.Object, java.lang.Object, java.lang.Object, java.lang.Object, java.lang.Object, java.lang.Object)'> (0x000000075280bff8) 
thrown [e:\jenkins\tmp\workspace\build\src\src\hotspot\share\interpreter\linkResolver.cpp, line 766]
Event: 10.275 Thread 0x000001cd05536d60 Exception <a 'java/lang/NoSuchMethodError'{0x0000000752810908}: 'java.lang.Object java.lang.invoke.Invokers$Holder.linkToTargetMethod(java.lang.Object, java.lang.Object, java.lang.Object, java.lang.Object, java.lang.Object, java.lang.Object, java.lang.Object)'> (0x0000000752810908) 
thrown [e:\jenkins\tmp\workspace\build\src\src\hotspot\share\interpreter\linkResolver.cpp, line 766]
Event: 43.924 Thread 0x000001cd054dfa40 Exception <a 'java/lang/NoSuchMethodError'{0x000000075283ab90}: 'void java.lang.invoke.DirectMethodHandle$Holder.invokeStatic(java.lang.Object, long)'> (0x000000075283ab90) 
thrown [e:\jenkins\tmp\workspace\build\src\src\hotspot\share\interpreter\linkResolver.cpp, line 766]
Event: 43.924 Thread 0x000001cd054dfa40 Exception <a 'java/lang/NoSuchMethodError'{0x000000075283ff38}: 'java.lang.Object java.lang.invoke.DirectMethodHandle$Holder.newInvokeSpecial(java.lang.Object, long)'> (0x000000075283ff38) 
thrown [e:\jenkins\tmp\workspace\build\src\src\hotspot\share\interpreter\linkResolver.cpp, line 766]
Event: 43.925 Thread 0x000001cd054dfa40 Exception <a 'java/lang/NoSuchMethodError'{0x00000007528469d0}: 'java.lang.Object java.lang.invoke.DirectMethodHandle$Holder.invokeStatic(java.lang.Object, java.lang.Object, long, java.lang.Object)'> (0x00000007528469d0) 
thrown [e:\jenkins\tmp\workspace\build\src\src\hotspot\share\interpreter\linkResolver.cpp, line 766]
Event: 43.926 Thread 0x000001cd054dfa40 Exception <a 'java/lang/NoSuchMethodError'{0x000000075284a1a8}: 'java.lang.Object java.lang.invoke.DirectMethodHandle$Holder.invokeStaticInit(java.lang.Object, java.lang.Object, long, java.lang.Object)'> (0x000000075284a1a8) 
thrown [e:\jenkins\tmp\workspace\build\src\src\hotspot\share\interpreter\linkResolver.cpp, line 766]
Event: 43.926 Thread 0x000001cd054dfa40 Exception <a 'java/lang/NoSuchMethodError'{0x00000007528504d8}: 'java.lang.Object java.lang.invoke.DirectMethodHandle$Holder.newInvokeSpecial(java.lang.Object, java.lang.Object, long)'> (0x00000007528504d8) 
thrown [e:\jenkins\tmp\workspace\build\src\src\hotspot\share\interpreter\linkResolver.cpp, line 766]

VM Operations (20 events):
Event: 1133.617 Executing VM operation: G1CollectFull done
Event: 1143.871 Executing VM operation: G1CollectFull
Event: 1143.900 Executing VM operation: G1CollectFull done
Event: 1154.155 Executing VM operation: G1CollectFull
Event: 1154.183 Executing VM operation: G1CollectFull done
Event: 1164.436 Executing VM operation: G1CollectFull
Event: 1164.470 Executing VM operation: G1CollectFull done
Event: 1174.720 Executing VM operation: G1CollectFull
Event: 1174.750 Executing VM operation: G1CollectFull done
Event: 1184.995 Executing VM operation: G1CollectFull
Event: 1185.021 Executing VM operation: G1CollectFull done
Event: 1195.271 Executing VM operation: G1CollectFull
Event: 1195.296 Executing VM operation: G1CollectFull done
Event: 1205.547 Executing VM operation: G1CollectFull
Event: 1205.572 Executing VM operation: G1CollectFull done
Event: 1215.827 Executing VM operation: G1CollectFull
Event: 1215.854 Executing VM operation: G1CollectFull done
Event: 1226.096 Executing VM operation: G1CollectFull
Event: 1226.131 Executing VM operation: G1CollectFull done
Event: 11542.185 Executing VM operation: G1CollectFull

Events (20 events):
Event: 43.843 loading class java/lang/ProcessBuilder
Event: 43.844 loading class java/lang/ProcessBuilder done
Event: 43.844 loading class java/lang/ProcessImpl
Event: 43.845 loading class java/lang/Process
Event: 43.845 loading class java/lang/Process done
Event: 43.845 loading class java/lang/ProcessImpl done
Event: 43.925 loading class java/lang/ProcessHandleImpl
Event: 43.925 loading class java/lang/ProcessHandle
Event: 43.925 loading class java/lang/ProcessHandle done
Event: 43.925 loading class java/lang/ProcessHandleImpl done
Event: 43.926 loading class java/lang/ProcessImpl$2
Event: 43.926 loading class java/lang/ProcessImpl$2 done
Event: 43.926 loading class java/lang/Process$PipeInputStream
Event: 43.927 loading class java/lang/Process$PipeInputStream done
Event: 43.928 loading class jdk/internal/event/ProcessStartEvent
Event: 43.928 loading class jdk/internal/event/ProcessStartEvent done
Event: 64.430 Thread 0x000001cd05535ef0 Thread exited: 0x000001cd05535ef0
Event: 70.288 Thread 0x000001cd05536d60 Thread exited: 0x000001cd05536d60
Event: 70.288 Thread 0x000001cd0537fc50 Thread exited: 0x000001cd0537fc50
Event: 130.301 Thread 0x000001cd05535550 Thread exited: 0x000001cd05535550


Dynamic libraries:
0x00007ff772380000 - 0x00007ff77238e000 	c:\Users\victo\.vscode\extensions\redhat.java-1.8.0-win32-x64\jre\17.0.3-win32-x86_64\bin\java.exe
0x00007ffebb610000 - 0x00007ffebb807000 	C:\WINDOWS\SYSTEM32\ntdll.dll
0x00007ffeba670000 - 0x00007ffeba72d000 	C:\WINDOWS\System32\KERNEL32.DLL
0x00007ffeb8e90000 - 0x00007ffeb915d000 	C:\WINDOWS\System32\KERNELBASE.dll
0x00007ffeb9160000 - 0x00007ffeb9260000 	C:\WINDOWS\System32\ucrtbase.dll
0x00007ffe9de40000 - 0x00007ffe9de58000 	c:\Users\victo\.vscode\extensions\redhat.java-1.8.0-win32-x64\jre\17.0.3-win32-x86_64\bin\jli.dll
0x00007ffeb96a0000 - 0x00007ffeb9840000 	C:\WINDOWS\System32\USER32.dll
0x00007ffeb9260000 - 0x00007ffeb9282000 	C:\WINDOWS\System32\win32u.dll
0x00007ffeb9670000 - 0x00007ffeb969a000 	C:\WINDOWS\System32\GDI32.dll
0x00007ffeb8d80000 - 0x00007ffeb8e8b000 	C:\WINDOWS\System32\gdi32full.dll
0x00007ffeb9340000 - 0x00007ffeb93dd000 	C:\WINDOWS\System32\msvcp_win.dll
0x00007ffe9de20000 - 0x00007ffe9de39000 	c:\Users\victo\.vscode\extensions\redhat.java-1.8.0-win32-x64\jre\17.0.3-win32-x86_64\bin\VCRUNTIME140.dll
0x00007ffeb83f0000 - 0x00007ffeb868a000 	C:\WINDOWS\WinSxS\amd64_microsoft.windows.common-controls_6595b64144ccf1df_6.0.19041.1110_none_60b5254171f9507e\COMCTL32.dll
0x00007ffeba1e0000 - 0x00007ffeba27e000 	C:\WINDOWS\System32\msvcrt.dll
0x00007ffebb320000 - 0x00007ffebb350000 	C:\WINDOWS\System32\IMM32.DLL
0x00007ffeb1a20000 - 0x00007ffeb1a2c000 	c:\Users\victo\.vscode\extensions\redhat.java-1.8.0-win32-x64\jre\17.0.3-win32-x86_64\bin\vcruntime140_1.dll
0x00007ffe9d820000 - 0x00007ffe9d8b1000 	c:\Users\victo\.vscode\extensions\redhat.java-1.8.0-win32-x64\jre\17.0.3-win32-x86_64\bin\msvcp140.dll
0x00007ffe323c0000 - 0x00007ffe33008000 	c:\Users\victo\.vscode\extensions\redhat.java-1.8.0-win32-x64\jre\17.0.3-win32-x86_64\bin\server\jvm.dll
0x00007ffeba870000 - 0x00007ffeba91e000 	C:\WINDOWS\System32\ADVAPI32.dll
0x00007ffebb4d0000 - 0x00007ffebb56c000 	C:\WINDOWS\System32\sechost.dll
0x00007ffeba0b0000 - 0x00007ffeba1d5000 	C:\WINDOWS\System32\RPCRT4.dll
0x00007ffeb9840000 - 0x00007ffeb9848000 	C:\WINDOWS\System32\PSAPI.DLL
0x00007ffea24f0000 - 0x00007ffea24f9000 	C:\WINDOWS\SYSTEM32\WSOCK32.dll
0x00007ffebb2b0000 - 0x00007ffebb31b000 	C:\WINDOWS\System32\WS2_32.dll
0x00007ffea2620000 - 0x00007ffea2647000 	C:\WINDOWS\SYSTEM32\WINMM.dll
0x00007ffeadf60000 - 0x00007ffeadf6a000 	C:\WINDOWS\SYSTEM32\VERSION.dll
0x00007ffeb68d0000 - 0x00007ffeb68e2000 	C:\WINDOWS\SYSTEM32\kernel.appcore.dll
0x00007ffead550000 - 0x00007ffead55a000 	c:\Users\victo\.vscode\extensions\redhat.java-1.8.0-win32-x64\jre\17.0.3-win32-x86_64\bin\jimage.dll
0x00007ffeb8760000 - 0x00007ffeb8944000 	C:\WINDOWS\SYSTEM32\DBGHELP.DLL
0x00007ffeb86b0000 - 0x00007ffeb86dc000 	C:\WINDOWS\SYSTEM32\dbgcore.DLL
0x00007ffeb93e0000 - 0x00007ffeb9462000 	C:\WINDOWS\System32\bcryptPrimitives.dll
0x00007ffe9d930000 - 0x00007ffe9d955000 	c:\Users\victo\.vscode\extensions\redhat.java-1.8.0-win32-x64\jre\17.0.3-win32-x86_64\bin\java.dll
0x00007ffe9c600000 - 0x00007ffe9c618000 	c:\Users\victo\.vscode\extensions\redhat.java-1.8.0-win32-x64\jre\17.0.3-win32-x86_64\bin\zip.dll
0x00007ffeba920000 - 0x00007ffebb064000 	C:\WINDOWS\System32\SHELL32.dll
0x00007ffeb5ed0000 - 0x00007ffeb6664000 	C:\WINDOWS\SYSTEM32\windows.storage.dll
0x00007ffeb9cc0000 - 0x00007ffeba014000 	C:\WINDOWS\System32\combase.dll
0x00007ffeb81f0000 - 0x00007ffeb821c000 	C:\WINDOWS\SYSTEM32\Wldp.dll
0x00007ffeba410000 - 0x00007ffeba4bd000 	C:\WINDOWS\System32\SHCORE.dll
0x00007ffebb180000 - 0x00007ffebb1d5000 	C:\WINDOWS\System32\shlwapi.dll
0x00007ffeb8c70000 - 0x00007ffeb8c8f000 	C:\WINDOWS\SYSTEM32\profapi.dll
0x00007ffe9d910000 - 0x00007ffe9d929000 	C:\Users\victo\.vscode\extensions\redhat.java-1.8.0-win32-x64\jre\17.0.3-win32-x86_64\bin\net.dll
0x00007ffea7a00000 - 0x00007ffea7b0a000 	C:\WINDOWS\SYSTEM32\WINHTTP.dll
0x00007ffeb7db0000 - 0x00007ffeb7e1a000 	C:\WINDOWS\system32\mswsock.dll
0x00007ffe9cd80000 - 0x00007ffe9cd95000 	C:\Users\victo\.vscode\extensions\redhat.java-1.8.0-win32-x64\jre\17.0.3-win32-x86_64\bin\nio.dll
0x00007ffea4af0000 - 0x00007ffea4b00000 	c:\Users\victo\.vscode\extensions\redhat.java-1.8.0-win32-x64\jre\17.0.3-win32-x86_64\bin\verify.dll
0x00007ffead4d0000 - 0x00007ffead4d9000 	C:\Users\victo\.vscode\extensions\redhat.java-1.8.0-win32-x64\jre\17.0.3-win32-x86_64\bin\management.dll
0x00007ffea7340000 - 0x00007ffea734b000 	C:\Users\victo\.vscode\extensions\redhat.java-1.8.0-win32-x64\jre\17.0.3-win32-x86_64\bin\management_ext.dll
0x00007ffe9c510000 - 0x00007ffe9c527000 	C:\WINDOWS\system32\napinsp.dll
0x00007ffe9c4f0000 - 0x00007ffe9c50b000 	C:\WINDOWS\system32\pnrpnsp.dll
0x00007ffeb2630000 - 0x00007ffeb2645000 	C:\WINDOWS\system32\wshbth.dll
0x00007ffeb32a0000 - 0x00007ffeb32bd000 	C:\WINDOWS\system32\NLAapi.dll
0x00007ffeb7ab0000 - 0x00007ffeb7aeb000 	C:\WINDOWS\SYSTEM32\IPHLPAPI.DLL
0x00007ffeb7af0000 - 0x00007ffeb7bbb000 	C:\WINDOWS\SYSTEM32\DNSAPI.dll
0x00007ffeba280000 - 0x00007ffeba288000 	C:\WINDOWS\System32\NSI.dll
0x00007ffe9c440000 - 0x00007ffe9c452000 	C:\WINDOWS\System32\winrnr.dll
0x00007ffea5360000 - 0x00007ffea536a000 	C:\Windows\System32\rasadhlp.dll
0x00007ffea5e90000 - 0x00007ffea5f10000 	C:\WINDOWS\System32\fwpuclnt.dll
0x00007ffeb94e0000 - 0x00007ffeb9507000 	C:\WINDOWS\System32\bcrypt.dll
0x00007ffeb8ac0000 - 0x00007ffeb8ad8000 	C:\WINDOWS\SYSTEM32\CRYPTSP.dll
0x00007ffeb7760000 - 0x00007ffeb7794000 	C:\WINDOWS\system32\rsaenh.dll
0x00007ffeb8c30000 - 0x00007ffeb8c5e000 	C:\WINDOWS\SYSTEM32\USERENV.dll
0x00007ffeb8010000 - 0x00007ffeb801c000 	C:\WINDOWS\SYSTEM32\CRYPTBASE.dll
0x00007ffeada40000 - 0x00007ffeada57000 	C:\WINDOWS\SYSTEM32\dhcpcsvc6.DLL
0x00007ffeada20000 - 0x00007ffeada3d000 	C:\WINDOWS\SYSTEM32\dhcpcsvc.DLL

dbghelp: loaded successfully - version: 4.0.5 - missing functions: none
symbol engine: initialized successfully - sym options: 0x614 - pdb path: .;c:\Users\victo\.vscode\extensions\redhat.java-1.8.0-win32-x64\jre\17.0.3-win32-x86_64\bin;C:\WINDOWS\SYSTEM32;C:\WINDOWS\WinSxS\amd64_microsoft.windows.common-controls_6595b64144ccf1df_6.0.19041.1110_none_60b5254171f9507e;c:\Users\victo\.vscode\extensions\redhat.java-1.8.0-win32-x64\jre\17.0.3-win32-x86_64\bin\server

VM Arguments:
jvm_args: --add-modules=ALL-SYSTEM --add-exports=jdk.compiler/com.sun.tools.javac.file=ALL-UNNAMED --add-exports=jdk.compiler/com.sun.tools.javac.util=ALL-UNNAMED --add-exports=jdk.compiler/com.sun.tools.javac.comp=ALL-UNNAMED --add-exports=jdk.compiler/com.sun.tools.javac.main=ALL-UNNAMED --add-exports=jdk.compiler/com.sun.tools.javac.tree=ALL-UNNAMED --add-exports=jdk.compiler/com.sun.tools.javac.code=ALL-UNNAMED -Dsts.lsp.client=vscode -Dsts.log.file=/dev/null -XX:TieredStopAtLevel=1 -Dspring.config.location=file:c:\Users\victo\.vscode\extensions\pivotal.vscode-spring-boot-1.36.0\language-server\BOOT-INF\classes\application.properties 
java_command: org.springframework.ide.vscode.boot.app.BootLanguageServerBootApp
java_class_path (initial): c:\Users\victo\.vscode\extensions\pivotal.vscode-spring-boot-1.36.0\language-server\BOOT-INF\classes;c:\Users\victo\.vscode\extensions\pivotal.vscode-spring-boot-1.36.0\language-server\BOOT-INF\lib\annotations-23.0.0.jar;c:\Users\victo\.vscode\extensions\pivotal.vscode-spring-boot-1.36.0\language-server\BOOT-INF\lib\antlr-runtime-3.5.2.jar;c:\Users\victo\.vscode\extensions\pivotal.vscode-spring-boot-1.36.0\language-server\BOOT-INF\lib\antlr4-4.9.3.jar;c:\Users\victo\.vscode\extensions\pivotal.vscode-spring-boot-1.36.0\language-server\BOOT-INF\lib\antlr4-runtime-4.9.3.jar;c:\Users\victo\.vscode\extensions\pivotal.vscode-spring-boot-1.36.0\language-server\BOOT-INF\lib\asm-9.3.jar;c:\Users\victo\.vscode\extensions\pivotal.vscode-spring-boot-1.36.0\language-server\BOOT-INF\lib\asm-analysis-9.3.jar;c:\Users\victo\.vscode\extensions\pivotal.vscode-spring-boot-1.36.0\language-server\BOOT-INF\lib\asm-tree-9.3.jar;c:\Users\victo\.vscode\extensions\pivotal.vscode-spring-boot-1.36.0\language-server\BOOT-INF\lib\asm-util-9.3.jar;c:\Users\victo\.vscode\extensions\pivotal.vscode-spring-boot-1.36.0\language-server\BOOT-INF\lib\byte-buddy-1.10.18.jar;c:\Users\victo\.vscode\extensions\pivotal.vscode-spring-boot-1.36.0\language-server\BOOT-INF\lib\caffeine-2.8.6.jar;c:\Users\victo\.vscode\extensions\pivotal.vscode-spring-boot-1.36.0\language-server\BOOT-INF\lib\checker-qual-3.12.0.jar;c:\Users\victo\.vscode\extensions\pivotal.vscode-spring-boot-1.36.0\language-server\BOOT-INF\lib\classgraph-4.8.146.jar;c:\Users\victo\.vscode\extensions\pivotal.vscode-spring-boot-1.36.0\language-server\BOOT-INF\lib\commons-codec-1.14.jar;c:\Users\victo\.vscode\extensions\pivotal.vscode-spring-boot-1.36.0\language-server\BOOT-INF\lib\commons-compress-1.21.jar;c:\Users\victo\.vscode\extensions\pivotal.vscode-spring-boot-1.36.0\language-server\BOOT-INF\lib\commons-exec-1.3.jar;c:\Users\victo\.vscode\extensions\pivotal.vscode-spring-boot-1.36.0\language-server\BOOT-INF\lib\com
Launcher Type: SUN_STANDARD

[Global flags]
     intx CICompilerCount                          = 3                                         {product} {ergonomic}
     uint ConcGCThreads                            = 1                                         {product} {ergonomic}
     uint G1ConcRefinementThreads                  = 4                                         {product} {ergonomic}
   size_t G1HeapRegionSize                         = 2097152                                   {product} {ergonomic}
    uintx GCDrainStackTargetSize                   = 64                                        {product} {ergonomic}
   size_t InitialHeapSize                          = 201326592                                 {product} {ergonomic}
   size_t MarkStackSize                            = 4194304                                   {product} {ergonomic}
   size_t MaxHeapSize                              = 3191865344                                {product} {ergonomic}
   size_t MaxNewSize                               = 1914699776                                {product} {ergonomic}
   size_t MinHeapDeltaBytes                        = 2097152                                   {product} {ergonomic}
   size_t MinHeapSize                              = 8388608                                   {product} {ergonomic}
    uintx NonProfiledCodeHeapSize                  = 0                                      {pd product} {ergonomic}
     bool ProfileInterpreter                       = false                                  {pd product} {command line}
    uintx ProfiledCodeHeapSize                     = 0                                      {pd product} {ergonomic}
   size_t SoftMaxHeapSize                          = 3191865344                             {manageable} {ergonomic}
     intx TieredStopAtLevel                        = 1                                         {product} {command line}
     bool UseCompressedClassPointers               = true                           {product lp64_product} {ergonomic}
     bool UseCompressedOops                        = true                           {product lp64_product} {ergonomic}
     bool UseG1GC                                  = true                                      {product} {ergonomic}
     bool UseLargePagesIndividualAllocation        = false                                  {pd product} {ergonomic}

Logging:
Log output configuration:
 #0: stdout all=warning uptime,level,tags
 #1: stderr all=off uptime,level,tags

Environment Variables:
PATH=C:\Program Files\Eclipse Adoptium\jdk-17.0.3.7-hotspot\bin;C:\Program Files (x86)\Common Files\Oracle\Java\javapath;C:\Program Files (x86)\Intel\iCLS Client\;C:\Program Files\Intel\iCLS Client\;C:\windows\system32;C:\windows;C:\windows\System32\Wbem;C:\windows\System32\WindowsPowerShell\v1.0\;C:\Program Files (x86)\NVIDIA Corporation\PhysX\Common;C:\Program Files (x86)\Intel\Intel(R) Management Engine Components\DAL;C:\Program Files\Intel\Intel(R) Management Engine Components\DAL;C:\Program Files (x86)\Intel\Intel(R) Management Engine Components\IPT;C:\Program Files\Intel\Intel(R) Management Engine Components\IPT;C:\WINDOWS\system32;C:\WINDOWS;C:\WINDOWS\System32\Wbem;C:\WINDOWS\System32\WindowsPowerShell\v1.0\;C:\WINDOWS\System32\OpenSSH\;C:\Program Files\PuTTY\;C:\Program Files\OpenVPN\bin;C:\Program Files\TortoiseSVN\bin;C:\Program Files\Git\cmd;C:\Program Files\Microsoft SQL Server\150\Tools\Binn\;C:\Program Files\Docker\Docker\resources\bin;C:\ProgramData\DockerDesktop\version-bin;C:\Program Files\dotnet\;C:\Program Files\Microsoft SQL Server\130\Tools\Binn\;C:\Program Files\Microsoft SQL Server\Client SDK\ODBC\170\Tools\Binn\;C:\Program Files (x86)\Windows Live\Shared;C:\Program Files (x86)\dotnet\;C:\Program Files\nodejs\;C:\Program Files\MySQL\MySQL Shell 8.0\bin\;C:\Users\victo\AppData\Local\Microsoft\WindowsApps;C:\Users\victo\AppData\Local\Programs\Microsoft VS Code\bin;C:\Users\victo\.dotnet\tools;C:\Users\victo\AppData\Roaming\npm
USERNAME=victo
OS=Windows_NT
PROCESSOR_IDENTIFIER=Intel64 Family 6 Model 142 Stepping 9, GenuineIntel



---------------  S Y S T E M  ---------------

OS:
 Windows 10 , 64 bit Build 19041 (10.0.19041.1741)
OS uptime: 8 days 2:20 hours
Hyper-V role detected

CPU: total 4 (initial active 4) (2 cores per cpu, 2 threads per core) family 6 model 142 stepping 9 microcode 0xb4, cx8, cmov, fxsr, ht, mmx, 3dnowpref, sse, sse2, sse3, ssse3, sse4.1, sse4.2, popcnt, lzcnt, tsc, tscinvbit, avx, avx2, aes, erms, clmul, bmi1, bmi2, adx, fma, vzeroupper, clflush, clflushopt, hv

Memory: 4k page, system-wide physical 12173M (2698M free)
TotalPageFile size 18425M (AvailPageFile size 11M)
current process WorkingSet (physical memory assigned to process): 211M, peak: 611M
current process commit charge ("private bytes"): 238M, peak: 651M

vm_info: OpenJDK 64-Bit Server VM (17.0.3+7) for windows-amd64 JRE (17.0.3+7), built on Apr 19 2022 16:55:35 by "" with MS VC++ 16.7 (VS2019)

END.
